2023-12-27 02:18:04,017 INFO o.a.j.u.JMeterUtils: Setting Locale to en_EN
2023-12-27 02:18:04,048 INFO o.a.j.JMeter: Loading user properties from: /Users/ricardoaraujo/Downloads/apache-jmeter-5.5/bin/user.properties
2023-12-27 02:18:04,049 INFO o.a.j.JMeter: Loading system properties from: /Users/ricardoaraujo/Downloads/apache-jmeter-5.5/bin/system.properties
2023-12-27 02:18:04,058 INFO o.a.j.JMeter: Copyright (c) 1998-2022 The Apache Software Foundation
2023-12-27 02:18:04,058 INFO o.a.j.JMeter: Version 5.5
2023-12-27 02:18:04,058 INFO o.a.j.JMeter: java.version=19.0.1
2023-12-27 02:18:04,058 INFO o.a.j.JMeter: java.vm.name=OpenJDK 64-Bit Server VM
2023-12-27 02:18:04,058 INFO o.a.j.JMeter: os.name=Mac OS X
2023-12-27 02:18:04,058 INFO o.a.j.JMeter: os.arch=x86_64
2023-12-27 02:18:04,058 INFO o.a.j.JMeter: os.version=14.1.1
2023-12-27 02:18:04,058 INFO o.a.j.JMeter: file.encoding=UTF-8
2023-12-27 02:18:04,058 INFO o.a.j.JMeter: java.awt.headless=true
2023-12-27 02:18:04,058 INFO o.a.j.JMeter: Max memory     =1073741824
2023-12-27 02:18:04,059 INFO o.a.j.JMeter: Available Processors =8
2023-12-27 02:18:04,067 INFO o.a.j.JMeter: Default Locale=English (EN)
2023-12-27 02:18:04,068 INFO o.a.j.JMeter: JMeter  Locale=English (EN)
2023-12-27 02:18:04,068 INFO o.a.j.JMeter: JMeterHome=/Users/ricardoaraujo/Downloads/apache-jmeter-5.5
2023-12-27 02:18:04,068 INFO o.a.j.JMeter: user.dir  =/Users/ricardoaraujo/Downloads/apache-jmeter-5.5
2023-12-27 02:18:04,068 INFO o.a.j.JMeter: PWD       =/Users/ricardoaraujo/Downloads/apache-jmeter-5.5
2023-12-27 02:18:04,081 INFO o.a.j.JMeter: IP: 192.168.1.180 Name: Ricardos-Air.home FullName: ricardos-air.home
2023-12-27 02:18:04,100 ERROR o.a.j.JMeter: An error occurred: 
org.apache.jmeter.report.config.ConfigurationException: The file /Users/ricardoaraujo/Downloads/apache-jmeter-5.5/Thread Group.jmx doesn't exist or can't be opened
	at org.apache.jmeter.JMeter.runNonGui(JMeter.java:927) ~[ApacheJMeter_core.jar:5.5]
	at org.apache.jmeter.JMeter.startNonGui(JMeter.java:917) ~[ApacheJMeter_core.jar:5.5]
	at org.apache.jmeter.JMeter.start(JMeter.java:485) ~[ApacheJMeter_core.jar:5.5]
	at jdk.internal.reflect.DirectMethodHandleAccessor.invoke(DirectMethodHandleAccessor.java:104) ~[?:?]
	at java.lang.reflect.Method.invoke(Method.java:578) ~[?:?]
	at org.apache.jmeter.NewDriver.main(NewDriver.java:259) ~[ApacheJMeter.jar:5.5]
